\BOOKMARK [0][-]{chapter.1}{\376\377\000I\000n\000t\000r\000o\000d\000u\000z\000i\000o\000n\000e}{}% 1
\BOOKMARK [0][-]{chapter.2}{\376\377\000P\000o\000s\000t\000u\000l\000a\000t\000i\000\040\000d\000e\000l\000l\000a\000\040\000M\000e\000c\000c\000a\000n\000i\000c\000a\000\040\000Q\000u\000a\000n\000t\000i\000s\000t\000i\000c\000a}{}% 2
\BOOKMARK [1][-]{section.2.1}{\376\377\000I\000n\000t\000r\000o\000d\000u\000z\000i\000o\000n\000e\000\040\000a\000l\000l\000a\000\040\000M\000e\000c\000c\000a\000n\000i\000c\000a\000\040\000Q\000u\000a\000n\000t\000i\000s\000t\000i\000c\000a}{chapter.2}% 3
\BOOKMARK [1][-]{section.2.2}{\376\377\000P\000r\000i\000m\000o\000\040\000P\000o\000s\000t\000u\000l\000a\000t\000o\000\040\000d\000e\000l\000l\000a\000\040\000M\000e\000c\000c\000a\000n\000i\000c\000a\000\040\000Q\000u\000a\000n\000t\000i\000s\000t\000i\000c\000a}{chapter.2}% 4
\BOOKMARK [1][-]{section.2.3}{\376\377\000S\000e\000c\000o\000n\000d\000o\000\040\000P\000o\000s\000t\000u\000l\000a\000t\000o\000\040\000d\000e\000l\000l\000a\000\040\000M\000e\000c\000c\000a\000n\000i\000c\000a\000\040\000Q\000u\000a\000n\000t\000i\000s\000t\000i\000c\000a}{chapter.2}% 5
\BOOKMARK [1][-]{section.2.4}{\376\377\000T\000e\000r\000z\000o\000\040\000P\000o\000s\000t\000u\000l\000a\000t\000o\000\040\000d\000e\000l\000l\000a\000\040\000M\000e\000c\000c\000a\000n\000i\000c\000a\000\040\000Q\000u\000a\000n\000t\000i\000s\000t\000i\000c\000a}{chapter.2}% 6
\BOOKMARK [1][-]{section.2.5}{\376\377\000Q\000u\000a\000r\000t\000o\000\040\000P\000o\000s\000t\000u\000l\000a\000t\000o\000\040\000d\000e\000l\000l\000a\000\040\000M\000e\000c\000c\000a\000n\000i\000c\000a\000\040\000Q\000u\000a\000n\000t\000i\000s\000t\000i\000c\000a}{chapter.2}% 7
\BOOKMARK [0][-]{chapter.3}{\376\377\000Q\000u\000a\000n\000t\000u\000m\000\040\000B\000i\000t}{}% 8
\BOOKMARK [1][-]{section.3.1}{\376\377\000D\000a\000l\000\040\000B\000i\000t\000\040\000a\000l\000\040\000Q\000u\000b\000i\000t}{chapter.3}% 9
\BOOKMARK [1][-]{section.3.2}{\376\377\000P\000r\000o\000p\000r\000i\000e\000t\000\340\000\040\000d\000e\000l\000\040\000Q\000u\000b\000i\000t}{chapter.3}% 10
\BOOKMARK [2][-]{subsection.3.2.1}{\376\377\000S\000o\000v\000r\000a\000p\000p\000o\000s\000i\000z\000i\000o\000n\000e}{section.3.2}% 11
\BOOKMARK [2][-]{subsection.3.2.2}{\376\377\000E\000n\000t\000a\000n\000g\000l\000e\000m\000e\000n\000t}{section.3.2}% 12
\BOOKMARK [2][-]{subsection.3.2.3}{\376\377\000I\000n\000t\000e\000r\000f\000e\000r\000e\000n\000z\000a}{section.3.2}% 13
\BOOKMARK [2][-]{subsection.3.2.4}{\376\377\000E\000f\000f\000e\000t\000t\000o\000\040\000T\000u\000n\000n\000e\000l}{section.3.2}% 14
\BOOKMARK [1][-]{section.3.3}{\376\377\000S\000f\000e\000r\000a\000\040\000d\000i\000\040\000B\000l\000o\000c\000h}{chapter.3}% 15
\BOOKMARK [1][-]{section.3.4}{\376\377\000V\000a\000n\000t\000a\000g\000g\000i\000\040\000c\000o\000m\000p\000u\000t\000a\000z\000i\000o\000n\000a\000l\000i\000\040\000d\000e\000l\000\040\000Q\000u\000b\000i\000t}{chapter.3}% 16
\BOOKMARK [0][-]{chapter.4}{\376\377\000Q\000u\000a\000n\000t\000u\000m\000\040\000A\000n\000n\000e\000a\000l\000i\000n\000g}{}% 17
\BOOKMARK [1][-]{section.4.1}{\376\377\000I\000n\000t\000r\000o\000d\000u\000z\000i\000o\000n\000e\000\040\000a\000l\000l\000a\000\040\000C\000o\000m\000p\000u\000t\000a\000z\000i\000o\000n\000e\000\040\000Q\000u\000a\000n\000t\000i\000s\000t\000i\000c\000a}{chapter.4}% 18
\BOOKMARK [1][-]{section.4.2}{\376\377\000P\000r\000o\000b\000l\000e\000m\000i\000\040\000d\000i\000\040\000O\000t\000t\000i\000m\000i\000z\000z\000a\000z\000i\000o\000n\000e}{chapter.4}% 19
\BOOKMARK [1][-]{section.4.3}{\376\377\000M\000o\000d\000e\000l\000l\000o\000\040\000d\000i\000\040\000I\000s\000i\000n\000g}{chapter.4}% 20
\BOOKMARK [1][-]{section.4.4}{\376\377\000Q\000u\000a\000d\000r\000a\000t\000i\000c\000\040\000U\000n\000c\000o\000n\000s\000t\000r\000a\000i\000n\000e\000d\000\040\000B\000i\000n\000a\000r\000y\000\040\000O\000p\000t\000i\000m\000i\000z\000a\000t\000i\000o\000n}{chapter.4}% 21
\BOOKMARK [1][-]{section.4.5}{\376\377\000T\000e\000o\000r\000e\000m\000a\000\040\000A\000d\000i\000a\000b\000a\000t\000i\000c\000o\000\040\000e\000\040\000P\000r\000o\000c\000e\000s\000s\000o\000\040\000A\000d\000i\000a\000b\000a\000t\000i\000c\000o}{chapter.4}% 22
\BOOKMARK [1][-]{section.4.6}{\376\377\000C\000a\000m\000p\000o\000\040\000T\000r\000a\000s\000v\000e\000r\000s\000a\000l\000e\000\040\000e\000\040\000M\000a\000t\000r\000i\000c\000i\000\040\000d\000i\000\040\000P\000a\000u\000l\000i}{chapter.4}% 23
\BOOKMARK [1][-]{section.4.7}{\376\377\000E\000f\000f\000e\000t\000t\000o\000\040\000T\000u\000n\000n\000e\000l\000\040\000n\000e\000l\000\040\000Q\000u\000a\000n\000t\000u\000m\000\040\000A\000n\000n\000e\000a\000l\000i\000n\000g}{chapter.4}% 24
\BOOKMARK [1][-]{section.4.8}{\376\377\000U\000n\000\040\000c\000o\000n\000f\000r\000o\000n\000t\000o\000\040\000c\000o\000n\000\040\000i\000l\000\040\000S\000i\000m\000u\000l\000a\000t\000e\000d\000\040\000A\000n\000n\000e\000a\000l\000i\000n\000g}{chapter.4}% 25
\BOOKMARK [0][-]{chapter.5}{\376\377\000T\000o\000p\000o\000l\000o\000g\000i\000e\000\040\000H\000a\000r\000d\000w\000a\000r\000e\000\040\000e\000\040\000\040\000A\000r\000c\000h\000i\000t\000e\000t\000t\000u\000r\000a\000\040\000d\000e\000l\000\040\000Q\000u\000a\000n\000t\000u\000m\000\040\000A\000n\000n\000e\000a\000l\000i\000n\000g}{}% 26
\BOOKMARK [1][-]{section.5.1}{\376\377\000Q\000u\000a\000n\000t\000u\000m\000\040\000A\000n\000n\000e\000a\000l\000e\000r}{chapter.5}% 27
\BOOKMARK [1][-]{section.5.2}{\376\377\000D\000i\000s\000t\000i\000n\000z\000i\000o\000n\000e\000\040\000f\000r\000a\000\040\000Q\000u\000b\000i\000t\000\040\000L\000o\000g\000i\000c\000o\000\040\000e\000\040\000Q\000u\000b\000i\000t\000\040\000F\000i\000s\000i\000c\000o}{chapter.5}% 28
\BOOKMARK [1][-]{section.5.3}{\376\377\000G\000r\000a\000f\000o\000\040\000C\000h\000i\000m\000e\000r\000a}{chapter.5}% 29
\BOOKMARK [1][-]{section.5.4}{\376\377\000E\000m\000b\000e\000d\000d\000i\000n\000g}{chapter.5}% 30
\BOOKMARK [1][-]{section.5.5}{\376\377\000T\000o\000o\000l\000\040\000p\000e\000r\000\040\000l\000'\000E\000m\000b\000e\000d\000d\000i\000n\000g}{chapter.5}% 31
\BOOKMARK [0][-]{chapter.6}{\376\377\000Q\000u\000a\000n\000t\000u\000m\000\040\000A\000n\000n\000e\000a\000l\000i\000n\000g\000\040\000p\000e\000r\000\040\000i\000l\000\040\000P\000r\000o\000b\000l\000e\000m\000a\000\040\000d\000e\000l\000\040\000C\000o\000m\000m\000e\000s\000s\000o\000\040\000V\000i\000a\000g\000g\000i\000a\000t\000o\000r\000e}{}% 32
\BOOKMARK [1][-]{section.6.1}{\376\377\000P\000r\000o\000b\000l\000e\000m\000a\000\040\000d\000e\000l\000\040\000C\000o\000m\000m\000e\000s\000s\000o\000\040\000V\000i\000a\000g\000g\000i\000a\000t\000o\000r\000e}{chapter.6}% 33
\BOOKMARK [1][-]{section.6.2}{\376\377\000T\000S\000P\000\040\000n\000e\000l\000l\000a\000\040\000f\000o\000r\000m\000a\000\040\000Q\000U\000B\000O}{chapter.6}% 34
\BOOKMARK [1][-]{section.6.3}{\376\377\000P\000r\000o\000g\000e\000t\000t\000a\000z\000i\000o\000n\000e\000\040\000A\000l\000g\000o\000r\000i\000t\000m\000o}{chapter.6}% 35
\BOOKMARK [1][-]{section.6.4}{\376\377\000E\000s\000e\000m\000p\000i\000o\000\040\000p\000r\000a\000t\000i\000c\000o\000\040\000d\000i\000\040\000r\000i\000s\000o\000l\000u\000z\000i\000o\000n\000e\000\040\000d\000i\000\040\000u\000n\000\040\000T\000S\000P}{chapter.6}% 36
\BOOKMARK [2][-]{subsection.6.4.1}{\376\377\000P\000a\000s\000s\000o\000\040\0001\000:\000\040\000D\000e\000f\000i\000n\000i\000z\000i\000o\000n\000e\000\040\000d\000e\000l\000\040\000P\000r\000o\000b\000l\000e\000m\000a}{section.6.4}% 37
\BOOKMARK [2][-]{subsection.6.4.2}{\376\377\000P\000a\000s\000s\000o\000\040\0002\000:\000\040\000R\000a\000p\000p\000r\000e\000s\000e\000n\000t\000a\000z\000i\000o\000n\000e\000\040\000d\000e\000l\000l\000a\000\040\000S\000o\000l\000u\000z\000i\000o\000n\000e}{section.6.4}% 38
\BOOKMARK [2][-]{subsection.6.4.3}{\376\377\000P\000a\000s\000s\000o\000\040\0003\000:\000\040\000D\000e\000f\000i\000n\000i\000z\000i\000o\000n\000e\000\040\000d\000e\000i\000\040\000V\000i\000n\000c\000o\000l\000i}{section.6.4}% 39
\BOOKMARK [2][-]{subsection.6.4.4}{\376\377\000P\000a\000s\000s\000o\000\040\0004\000:\000\040\000C\000o\000s\000t\000r\000u\000z\000i\000o\000n\000e\000\040\000d\000e\000l\000l\000a\000\040\000m\000a\000t\000r\000i\000c\000e\000\040\000Q\000U\000B\000O}{section.6.4}% 40
\BOOKMARK [2][-]{subsection.6.4.5}{\376\377\000P\000a\000s\000s\000o\000\040\0005\000:\000\040\000C\000o\000n\000v\000e\000r\000s\000i\000o\000n\000e\000\040\000n\000e\000l\000\040\000M\000o\000d\000e\000l\000l\000o\000\040\000d\000i\000\040\000I\000s\000i\000n\000g}{section.6.4}% 41
\BOOKMARK [2][-]{subsection.6.4.6}{\376\377\000P\000a\000s\000s\000o\000\040\0006\000:\000\040\000E\000m\000b\000e\000d\000d\000i\000n\000g\000\040\000c\000o\000n\000\040\000g\000r\000a\000f\000i\000c\000o\000\040\000C\000h\000i\000m\000e\000r\000a}{section.6.4}% 42
\BOOKMARK [2][-]{subsection.6.4.7}{\376\377\000P\000a\000s\000s\000o\000\040\0007\000:\000\040\000D\000e\000t\000e\000r\000m\000i\000n\000a\000z\000i\000o\000n\000e\000\040\000d\000e\000l\000\040\000M\000i\000n\000i\000m\000o\000\040\000d\000i\000\040\000E\000n\000e\000r\000g\000i\000a}{section.6.4}% 43
\BOOKMARK [2][-]{subsection.6.4.8}{\376\377\000P\000a\000s\000s\000o\000\040\0008\000:\000\040\000I\000n\000t\000e\000r\000p\000r\000e\000t\000a\000z\000i\000o\000n\000e\000\040\000d\000e\000l\000l\000a\000\040\000s\000o\000l\000u\000z\000i\000o\000n\000e}{section.6.4}% 44
\BOOKMARK [0][-]{chapter.7}{\376\377\000I\000m\000p\000l\000e\000m\000e\000n\000t\000a\000z\000i\000o\000n\000e\000\040\000d\000e\000l\000l\000'\000A\000l\000g\000o\000r\000i\000t\000m\000o\000\040\000d\000i\000\040\000G\000r\000o\000v\000e\000r\000\040\000a\000t\000t\000r\000a\000v\000e\000r\000s\000o\000\040\000i\000l\000\040\000Q\000u\000a\000n\000t\000u\000m\000\040\000A\000n\000n\000e\000a\000l\000i\000n\000g}{}% 45
\BOOKMARK [1][-]{section.7.1}{\376\377\000I\000n\000t\000r\000o\000d\000u\000z\000i\000o\000n\000e\000\040\000a\000l\000l\000'\000A\000l\000g\000o\000r\000i\000t\000m\000o\000\040\000d\000i\000\040\000G\000r\000o\000v\000e\000r}{chapter.7}% 46
\BOOKMARK [1][-]{section.7.2}{\376\377\000P\000o\000r\000t\000a\000\040\000d\000i\000\040\000H\000a\000d\000a\000m\000a\000r\000d}{chapter.7}% 47
\BOOKMARK [1][-]{section.7.3}{\376\377\000O\000r\000a\000c\000o\000l\000o\000\040\000Q\000u\000a\000n\000t\000i\000s\000t\000i\000c\000o}{chapter.7}% 48
\BOOKMARK [1][-]{section.7.4}{\376\377\000I\000t\000e\000r\000a\000z\000i\000o\000n\000e\000\040\000d\000i\000\040\000G\000r\000o\000v\000e\000r}{chapter.7}% 49
\BOOKMARK [1][-]{section.7.5}{\376\377\000A\000p\000p\000l\000i\000c\000a\000z\000i\000o\000n\000e\000\040\000d\000e\000l\000l\000'\000A\000l\000g\000o\000r\000i\000t\000m\000o\000\040\000d\000i\000\040\000G\000r\000o\000v\000e\000r}{chapter.7}% 50
\BOOKMARK [1][-]{section.7.6}{\376\377\000A\000l\000g\000o\000r\000i\000t\000m\000o\000\040\000d\000i\000\040\000G\000r\000o\000v\000e\000r\000\040\000c\000o\000n\000\040\000Q\000u\000a\000n\000t\000u\000m\000\040\000A\000n\000n\000e\000a\000l\000i\000n\000g}{chapter.7}% 51
\BOOKMARK [1][-]{section.7.7}{\376\377\000P\000e\000r\000c\000h\000\351\000\040\000i\000m\000p\000l\000e\000m\000e\000n\000t\000a\000r\000e\000\040\000l\000'\000A\000l\000g\000o\000r\000i\000t\000m\000o\000\040\000d\000i\000\040\000G\000r\000o\000v\000e\000r\000\040\000c\000o\000n\000\040\000i\000l\000\040\000Q\000u\000a\000n\000t\000u\000m\000\040\000A\000n\000n\000e\000a\000l\000i\000n\000g}{chapter.7}% 52
\BOOKMARK [0][-]{chapter.8}{\376\377\000C\000o\000n\000c\000l\000u\000s\000i\000o\000n\000i}{}% 53
\BOOKMARK [0][-]{appendix.Alph1}{\376\377\000A\000p\000p\000e\000n\000d\000i\000c\000e\000\040\000A\000:\000\040\000C\000o\000d\000i\000c\000e\000\040\000d\000i\000\040\000r\000i\000s\000o\000l\000u\000z\000i\000o\000n\000e\000\040\000d\000e\000l\000\040\000T\000S\000P}{}% 54
\BOOKMARK [0][-]{appendix.Alph2}{\376\377\000A\000p\000p\000e\000n\000d\000i\000c\000e\000\040\000B\000:\000\040\000P\000r\000o\000v\000a\000\040\000c\000h\000e\000\040\000Q\000U\000B\000O\000\040\000e\000\040\000I\000s\000i\000n\000g\000\040\000s\000o\000n\000o\000\040\000I\000s\000o\000m\000o\000r\000f\000i}{}% 55
